Jun 01 2004 12:16:38[main] gov.nih.nci.securityFW.LdapAuthenticationDAObj  - CALL LdapAuthenticationDAObj:isAuthenticationSuccessful
Jun 01 2004 12:16:41[main] gov.nih.nci.securityFW.db.LDAPConnection  - sr.getName() = cn=wuh,ou=EXT Dn = cn=wuh,ou=EXT,ou=nci,o=nih
Jun 01 2004 12:16:41[main] gov.nih.nci.securityFW.db.LDAPConnection  - User authentication successful
Jun 01 2004 12:16:41[main] gov.nih.nci.securityFW.LdapAuthenticationDAObj  - CALL LdapAuthenticationDAObj:isAuthenticationSuccessful
Jun 01 2004 12:16:41[main] gov.nih.nci.securityFW.db.LDAPConnection  - sr.getName() = cn=wuh,ou=EXT Dn = cn=wuh,ou=EXT,ou=nci,o=nih
Jun 01 2004 12:16:41[main] gov.nih.nci.securityFW.db.LDAPConnection  - User authentication successful
Jun 01 2004 12:16:42[main] gov.nih.nci.securityFW.RdbmsAuthorizationDAObj  - sqlStmt = select count(*) from AS_USER_ROLE_PROTECT_APP a, AS_PROTECTION_ELEMENT b, AS_ROLE c, AS_APPLICATION d where d.APPLICATION_NAME = 'caMOD' and a.APPLICATION_ID =  d.APPLICATION_ID and a.PROTECTION_ELEMENT_ID = b.PROTECTION_ELEMENT_ID and b.OBJECT_ID = 'caMOD.Availability.136' and b.ATTRIBUTE = 'getId' and c.ROLE_ID = a.ROLE_ID and c.ROLE_NAME = 'GP-MMHCC_PUBLIC'
Jun 01 2004 12:16:42[main] gov.nih.nci.securityFW.RdbmsAuthorizationDAObj  - sqlStmt = select count(*) from AS_USER_ROLE_PROTECT_APP a, AS_PROTECTION_ELEMENT b, AS_ROLE c, AS_APPLICATION d where d.APPLICATION_NAME = 'caMOD' and a.APPLICATION_ID =  d.APPLICATION_ID and a.PROTECTION_ELEMENT_ID = b.PROTECTION_ELEMENT_ID and b.OBJECT_ID = 'caMOD.Availability.136' and b.ATTRIBUTE = 'getId' and c.ROLE_ID = a.ROLE_ID and c.ROLE_NAME = 'GP-ZOPE_EMICEPRIVATE'
Jun 01 2004 12:16:42[main] gov.nih.nci.securityFW.RdbmsAuthorizationDAObj  - sqlStmt = select count(*) from AS_USER_ROLE_PROTECT_APP a, AS_PROTECTION_ELEMENT b, AS_ROLE c, AS_APPLICATION d where d.APPLICATION_NAME = 'caMOD' and a.APPLICATION_ID =  d.APPLICATION_ID and a.PROTECTION_ELEMENT_ID = b.PROTECTION_ELEMENT_ID and b.OBJECT_ID = 'caMOD.Availability.136' and b.ATTRIBUTE = 'getId' and c.ROLE_ID = a.ROLE_ID and c.ROLE_NAME = 'GP-ZOPE_EMICEPRIVATE'
Jun 01 2004 12:21:50[main] gov.nih.nci.securityFW.LdapAuthenticationDAObj  - CALL LdapAuthenticationDAObj:isAuthenticationSuccessful
Jun 01 2004 12:21:54[main] gov.nih.nci.securityFW.db.LDAPConnection  - sr.getName() = cn=wuh,ou=EXT Dn = cn=wuh,ou=EXT,ou=nci,o=nih
Jun 01 2004 12:21:54[main] gov.nih.nci.securityFW.db.LDAPConnection  - User authentication successful
Jun 01 2004 12:21:54[main] gov.nih.nci.securityFW.LdapAuthenticationDAObj  - CALL LdapAuthenticationDAObj:isAuthenticationSuccessful
Jun 01 2004 12:21:55[main] gov.nih.nci.securityFW.db.LDAPConnection  - sr.getName() = cn=wuh,ou=EXT Dn = cn=wuh,ou=EXT,ou=nci,o=nih
Jun 01 2004 12:21:55[main] gov.nih.nci.securityFW.db.LDAPConnection  - User authentication successful
Jun 01 2004 12:21:56[main] gov.nih.nci.securityFW.RdbmsAuthorizationDAObj  - sqlStmt = select count(*) from AS_USER_ROLE_PROTECT_APP a, AS_PROTECTION_ELEMENT b, AS_ROLE c, AS_APPLICATION d where d.APPLICATION_NAME = 'caMOD' and a.APPLICATION_ID =  d.APPLICATION_ID and a.PROTECTION_ELEMENT_ID = b.PROTECTION_ELEMENT_ID and b.OBJECT_ID = 'caMOD.Availability.136' and b.ATTRIBUTE = 'getId' and c.ROLE_ID = a.ROLE_ID and c.ROLE_NAME = 'GP-MMHCC_PUBLIC'
Jun 01 2004 12:21:56[main] gov.nih.nci.securityFW.RdbmsAuthorizationDAObj  - sqlStmt = select count(*) from AS_USER_ROLE_PROTECT_APP a, AS_PROTECTION_ELEMENT b, AS_ROLE c, AS_APPLICATION d where d.APPLICATION_NAME = 'caMOD' and a.APPLICATION_ID =  d.APPLICATION_ID and a.PROTECTION_ELEMENT_ID = b.PROTECTION_ELEMENT_ID and b.OBJECT_ID = 'caMOD.Availability.136' and b.ATTRIBUTE = 'getId' and c.ROLE_ID = a.ROLE_ID and c.ROLE_NAME = 'GP-ZOPE_EMICEPRIVATE'
Jun 01 2004 12:21:56[main] gov.nih.nci.securityFW.RdbmsAuthorizationDAObj  - sqlStmt = select count(*) from AS_USER_ROLE_PROTECT_APP a, AS_PROTECTION_ELEMENT b, AS_ROLE c, AS_APPLICATION d where d.APPLICATION_NAME = 'caMOD' and a.APPLICATION_ID =  d.APPLICATION_ID and a.PROTECTION_ELEMENT_ID = b.PROTECTION_ELEMENT_ID and b.OBJECT_ID = 'caMOD.Availability.136' and b.ATTRIBUTE = 'getId' and c.ROLE_ID = a.ROLE_ID and c.ROLE_NAME = 'GP-ZOPE_EMICEPRIVATE'
Jun 01 2004 12:23:01[main] gov.nih.nci.securityFW.LdapAuthenticationDAObj  - CALL LdapAuthenticationDAObj:isAuthenticationSuccessful
Jun 01 2004 12:23:04[main] gov.nih.nci.securityFW.db.LDAPConnection  - sr.getName() = cn=wuh,ou=EXT Dn = cn=wuh,ou=EXT,ou=nci,o=nih
Jun 01 2004 12:23:04[main] gov.nih.nci.securityFW.db.LDAPConnection  - User authentication successful
Jun 01 2004 12:23:04[main] gov.nih.nci.securityFW.LdapAuthenticationDAObj  - CALL LdapAuthenticationDAObj:isAuthenticationSuccessful
Jun 01 2004 12:23:05[main] gov.nih.nci.securityFW.db.LDAPConnection  - sr.getName() = cn=wuh,ou=EXT Dn = cn=wuh,ou=EXT,ou=nci,o=nih
Jun 01 2004 12:23:05[main] gov.nih.nci.securityFW.db.LDAPConnection  - User authentication successful
Jun 01 2004 12:23:06[main] gov.nih.nci.securityFW.RdbmsAuthorizationDAObj  - sqlStmt = select count(*) from AS_USER_ROLE_PROTECT_APP a, AS_PROTECTION_ELEMENT b, AS_ROLE c, AS_APPLICATION d where d.APPLICATION_NAME = 'caMOD' and a.APPLICATION_ID =  d.APPLICATION_ID and a.PROTECTION_ELEMENT_ID = b.PROTECTION_ELEMENT_ID and b.OBJECT_ID = 'caMOD.Availability.136' and b.ATTRIBUTE = 'getId' and c.ROLE_ID = a.ROLE_ID and c.ROLE_NAME = 'GP-MMHCC_PUBLIC'
Jun 01 2004 12:23:06[main] gov.nih.nci.securityFW.RdbmsAuthorizationDAObj  - sqlStmt = select count(*) from AS_USER_ROLE_PROTECT_APP a, AS_PROTECTION_ELEMENT b, AS_ROLE c, AS_APPLICATION d where d.APPLICATION_NAME = 'caMOD' and a.APPLICATION_ID =  d.APPLICATION_ID and a.PROTECTION_ELEMENT_ID = b.PROTECTION_ELEMENT_ID and b.OBJECT_ID = 'caMOD.Availability.136' and b.ATTRIBUTE = 'getId' and c.ROLE_ID = a.ROLE_ID and c.ROLE_NAME = 'GP-ZOPE_EMICEPRIVATE'
Jun 01 2004 12:23:06[main] gov.nih.nci.securityFW.RdbmsAuthorizationDAObj  - sqlStmt = select count(*) from AS_USER_ROLE_PROTECT_APP a, AS_PROTECTION_ELEMENT b, AS_ROLE c, AS_APPLICATION d where d.APPLICATION_NAME = 'caMOD' and a.APPLICATION_ID =  d.APPLICATION_ID and a.PROTECTION_ELEMENT_ID = b.PROTECTION_ELEMENT_ID and b.OBJECT_ID = 'caMOD.Availability.136' and b.ATTRIBUTE = 'getId' and c.ROLE_ID = a.ROLE_ID and c.ROLE_NAME = 'GP-ZOPE_EMICEPRIVATE'
Jun 01 2004 12:24:03[main] gov.nih.nci.securityFW.LdapAuthenticationDAObj  - CALL LdapAuthenticationDAObj:isAuthenticationSuccessful
Jun 01 2004 12:24:07[main] gov.nih.nci.securityFW.db.LDAPConnection  - sr.getName() = cn=wuh,ou=EXT Dn = cn=wuh,ou=EXT,ou=nci,o=nih
Jun 01 2004 12:24:07[main] gov.nih.nci.securityFW.db.LDAPConnection  - User authentication successful
Jun 01 2004 12:24:07[main] gov.nih.nci.securityFW.LdapAuthenticationDAObj  - CALL LdapAuthenticationDAObj:isAuthenticationSuccessful
Jun 01 2004 12:24:07[main] gov.nih.nci.securityFW.db.LDAPConnection  - sr.getName() = cn=wuh,ou=EXT Dn = cn=wuh,ou=EXT,ou=nci,o=nih
Jun 01 2004 12:24:07[main] gov.nih.nci.securityFW.db.LDAPConnection  - User authentication successful
Jun 01 2004 12:24:08[main] gov.nih.nci.securityFW.RdbmsAuthorizationDAObj  - sqlStmt = select count(*) from AS_USER_ROLE_PROTECT_APP a, AS_PROTECTION_ELEMENT b, AS_ROLE c, AS_APPLICATION d where d.APPLICATION_NAME = 'caMOD' and a.APPLICATION_ID =  d.APPLICATION_ID and a.PROTECTION_ELEMENT_ID = b.PROTECTION_ELEMENT_ID and b.OBJECT_ID = 'caMOD.Availability.136' and b.ATTRIBUTE = 'getId' and c.ROLE_ID = a.ROLE_ID and c.ROLE_NAME = 'GP-MMHCC_PUBLIC'
Jun 01 2004 12:24:08[main] gov.nih.nci.securityFW.RdbmsAuthorizationDAObj  - sqlStmt = select count(*) from AS_USER_ROLE_PROTECT_APP a, AS_PROTECTION_ELEMENT b, AS_ROLE c, AS_APPLICATION d where d.APPLICATION_NAME = 'caMOD' and a.APPLICATION_ID =  d.APPLICATION_ID and a.PROTECTION_ELEMENT_ID = b.PROTECTION_ELEMENT_ID and b.OBJECT_ID = 'caMOD.Availability.136' and b.ATTRIBUTE = 'getId' and c.ROLE_ID = a.ROLE_ID and c.ROLE_NAME = 'GP-ZOPE_EMICEPRIVATE'
Jun 01 2004 12:24:08[main] gov.nih.nci.securityFW.RdbmsAuthorizationDAObj  - sqlStmt = select count(*) from AS_USER_ROLE_PROTECT_APP a, AS_PROTECTION_ELEMENT b, AS_ROLE c, AS_APPLICATION d where d.APPLICATION_NAME = 'caMOD' and a.APPLICATION_ID =  d.APPLICATION_ID and a.PROTECTION_ELEMENT_ID = b.PROTECTION_ELEMENT_ID and b.OBJECT_ID = 'caMOD.Availability.136' and b.ATTRIBUTE = 'getId' and c.ROLE_ID = a.ROLE_ID and c.ROLE_NAME = 'GP-ZOPE_EMICEPRIVATE'
Jun 01 2004 12:24:50[main] gov.nih.nci.securityFW.LdapAuthenticationDAObj  - CALL LdapAuthenticationDAObj:isAuthenticationSuccessful
Jun 01 2004 12:24:53[main] gov.nih.nci.securityFW.db.LDAPConnection  - sr.getName() = cn=wuh,ou=EXT Dn = cn=wuh,ou=EXT,ou=nci,o=nih
Jun 01 2004 12:24:53[main] gov.nih.nci.securityFW.db.LDAPConnection  - User authentication successful
Jun 01 2004 12:24:53[main] gov.nih.nci.securityFW.LdapAuthenticationDAObj  - CALL LdapAuthenticationDAObj:isAuthenticationSuccessful
Jun 01 2004 12:24:54[main] gov.nih.nci.securityFW.db.LDAPConnection  - sr.getName() = cn=wuh,ou=EXT Dn = cn=wuh,ou=EXT,ou=nci,o=nih
Jun 01 2004 12:24:54[main] gov.nih.nci.securityFW.db.LDAPConnection  - User authentication successful
Jun 01 2004 12:24:55[main] gov.nih.nci.securityFW.RdbmsAuthorizationDAObj  - sqlStmt = select count(*) from AS_USER_ROLE_PROTECT_APP a, AS_PROTECTION_ELEMENT b, AS_ROLE c, AS_APPLICATION d where d.APPLICATION_NAME = 'caMOD' and a.APPLICATION_ID =  d.APPLICATION_ID and a.PROTECTION_ELEMENT_ID = b.PROTECTION_ELEMENT_ID and b.OBJECT_ID = 'caMOD.Availability.136' and b.ATTRIBUTE = 'getId' and c.ROLE_ID = a.ROLE_ID and c.ROLE_NAME = 'GP-MMHCC_PUBLIC'
Jun 01 2004 12:24:55[main] gov.nih.nci.securityFW.RdbmsAuthorizationDAObj  - sqlStmt = select count(*) from AS_USER_ROLE_PROTECT_APP a, AS_PROTECTION_ELEMENT b, AS_ROLE c, AS_APPLICATION d where d.APPLICATION_NAME = 'caMOD' and a.APPLICATION_ID =  d.APPLICATION_ID and a.PROTECTION_ELEMENT_ID = b.PROTECTION_ELEMENT_ID and b.OBJECT_ID = 'caMOD.Availability.136' and b.ATTRIBUTE = 'getId' and c.ROLE_ID = a.ROLE_ID and c.ROLE_NAME = 'GP-ZOPE_EMICEPRIVATE'
Jun 01 2004 12:24:55[main] gov.nih.nci.securityFW.RdbmsAuthorizationDAObj  - sqlStmt = select count(*) from AS_USER_ROLE_PROTECT_APP a, AS_PROTECTION_ELEMENT b, AS_ROLE c, AS_APPLICATION d where d.APPLICATION_NAME = 'caMOD' and a.APPLICATION_ID =  d.APPLICATION_ID and a.PROTECTION_ELEMENT_ID = b.PROTECTION_ELEMENT_ID and b.OBJECT_ID = 'caMOD.Availability.136' and b.ATTRIBUTE = 'getId' and c.ROLE_ID = a.ROLE_ID and c.ROLE_NAME = 'GP-ZOPE_EMICEPRIVATE'
Jun 01 2004 12:58:54[main] gov.nih.nci.securityFW.LdapAuthenticationDAObj  - CALL LdapAuthenticationDAObj:isAuthenticationSuccessful
Jun 01 2004 12:58:56[main] gov.nih.nci.securityFW.db.LDAPConnection  - sr.getName() = cn=wuh,ou=EXT Dn = cn=wuh,ou=EXT,ou=nci,o=nih
Jun 01 2004 12:58:56[main] gov.nih.nci.securityFW.db.LDAPConnection  - User authentication successful
Jun 01 2004 12:58:56[main] gov.nih.nci.securityFW.LdapAuthenticationDAObj  - CALL LdapAuthenticationDAObj:isAuthenticationSuccessful
Jun 01 2004 12:58:57[main] gov.nih.nci.securityFW.db.LDAPConnection  - sr.getName() = cn=wuh,ou=EXT Dn = cn=wuh,ou=EXT,ou=nci,o=nih
Jun 01 2004 12:58:57[main] gov.nih.nci.securityFW.db.LDAPConnection  - User authentication successful
Jun 01 2004 12:58:57[main] gov.nih.nci.securityFW.RdbmsAuthorizationDAObj  - sqlStmt = select count(*) from AS_USER_ROLE_PROTECT_APP a, AS_PROTECTION_ELEMENT b, AS_ROLE c, AS_APPLICATION d where d.APPLICATION_NAME = 'caMOD' and a.APPLICATION_ID =  d.APPLICATION_ID and a.PROTECTION_ELEMENT_ID = b.PROTECTION_ELEMENT_ID and b.OBJECT_ID = 'caMOD.Availability.136' and b.ATTRIBUTE = 'getId' and c.ROLE_ID = a.ROLE_ID and c.ROLE_NAME = 'GP-MMHCC_PUBLIC'
Jun 01 2004 12:58:57[main] gov.nih.nci.securityFW.RdbmsAuthorizationDAObj  - sqlStmt = select count(*) from AS_USER_ROLE_PROTECT_APP a, AS_PROTECTION_ELEMENT b, AS_ROLE c, AS_APPLICATION d where d.APPLICATION_NAME = 'caMOD' and a.APPLICATION_ID =  d.APPLICATION_ID and a.PROTECTION_ELEMENT_ID = b.PROTECTION_ELEMENT_ID and b.OBJECT_ID = 'caMOD.Availability.136' and b.ATTRIBUTE = 'getId' and c.ROLE_ID = a.ROLE_ID and c.ROLE_NAME = 'GP-ZOPE_EMICEPRIVATE'
Jun 01 2004 12:58:58[main] gov.nih.nci.securityFW.RdbmsAuthorizationDAObj  - sqlStmt = select count(*) from AS_USER_ROLE_PROTECT_APP a, AS_PROTECTION_ELEMENT b, AS_ROLE c, AS_APPLICATION d where d.APPLICATION_NAME = 'caMOD' and a.APPLICATION_ID =  d.APPLICATION_ID and a.PROTECTION_ELEMENT_ID = b.PROTECTION_ELEMENT_ID and b.OBJECT_ID = 'caMOD.Availability.136' and b.ATTRIBUTE = 'getId' and c.ROLE_ID = a.ROLE_ID and c.ROLE_NAME = 'GP-ZOPE_EMICEPRIVATE'
Jun 01 2004 13:03:27[main] gov.nih.nci.securityFW.LdapAuthenticationDAObj  - CALL LdapAuthenticationDAObj:isAuthenticationSuccessful
Jun 01 2004 13:03:31[main] gov.nih.nci.securityFW.db.LDAPConnection  - sr.getName() = cn=wuh,ou=EXT Dn = cn=wuh,ou=EXT,ou=nci,o=nih
Jun 01 2004 13:03:31[main] gov.nih.nci.securityFW.db.LDAPConnection  - User authentication successful
Jun 01 2004 13:03:31[main] gov.nih.nci.securityFW.LdapAuthenticationDAObj  - CALL LdapAuthenticationDAObj:isAuthenticationSuccessful
Jun 01 2004 13:03:32[main] gov.nih.nci.securityFW.db.LDAPConnection  - sr.getName() = cn=wuh,ou=EXT Dn = cn=wuh,ou=EXT,ou=nci,o=nih
Jun 01 2004 13:03:32[main] gov.nih.nci.securityFW.db.LDAPConnection  - User authentication successful
Jun 01 2004 13:03:33[main] gov.nih.nci.securityFW.RdbmsAuthorizationDAObj  - sqlStmt = select count(*) from AS_USER_ROLE_PROTECT_APP a, AS_PROTECTION_ELEMENT b, AS_ROLE c, AS_APPLICATION d where d.APPLICATION_NAME = 'caMOD' and a.APPLICATION_ID =  d.APPLICATION_ID and a.PROTECTION_ELEMENT_ID = b.PROTECTION_ELEMENT_ID and b.OBJECT_ID = 'caMOD.Availability.136' and b.ATTRIBUTE = 'getId' and c.ROLE_ID = a.ROLE_ID and c.ROLE_NAME = 'GP-MMHCC_PUBLIC'
Jun 01 2004 13:03:33[main] gov.nih.nci.securityFW.RdbmsAuthorizationDAObj  - sqlStmt = select count(*) from AS_USER_ROLE_PROTECT_APP a, AS_PROTECTION_ELEMENT b, AS_ROLE c, AS_APPLICATION d where d.APPLICATION_NAME = 'caMOD' and a.APPLICATION_ID =  d.APPLICATION_ID and a.PROTECTION_ELEMENT_ID = b.PROTECTION_ELEMENT_ID and b.OBJECT_ID = 'caMOD.Availability.136' and b.ATTRIBUTE = 'getId' and c.ROLE_ID = a.ROLE_ID and c.ROLE_NAME = 'GP-ZOPE_EMICEPRIVATE'
Jun 01 2004 13:03:33[main] gov.nih.nci.securityFW.RdbmsAuthorizationDAObj  - sqlStmt = select count(*) from AS_USER_ROLE_PROTECT_APP a, AS_PROTECTION_ELEMENT b, AS_ROLE c, AS_APPLICATION d where d.APPLICATION_NAME = 'caMOD' and a.APPLICATION_ID =  d.APPLICATION_ID and a.PROTECTION_ELEMENT_ID = b.PROTECTION_ELEMENT_ID and b.OBJECT_ID = 'caMOD.Availability.136' and b.ATTRIBUTE = 'getId' and c.ROLE_ID = a.ROLE_ID and c.ROLE_NAME = 'GP-ZOPE_EMICEPRIVATE'
Jun 01 2004 13:04:52[main] gov.nih.nci.securityFW.LdapAuthenticationDAObj  - CALL LdapAuthenticationDAObj:isAuthenticationSuccessful
Jun 01 2004 13:04:56[main] gov.nih.nci.securityFW.db.LDAPConnection  - sr.getName() = cn=wuh,ou=EXT Dn = cn=wuh,ou=EXT,ou=nci,o=nih
Jun 01 2004 13:04:56[main] gov.nih.nci.securityFW.db.LDAPConnection  - User authentication successful
Jun 01 2004 13:04:56[main] gov.nih.nci.securityFW.LdapAuthenticationDAObj  - CALL LdapAuthenticationDAObj:isAuthenticationSuccessful
Jun 01 2004 13:04:56[main] gov.nih.nci.securityFW.db.LDAPConnection  - sr.getName() = cn=wuh,ou=EXT Dn = cn=wuh,ou=EXT,ou=nci,o=nih
Jun 01 2004 13:04:56[main] gov.nih.nci.securityFW.db.LDAPConnection  - User authentication successful
Jun 01 2004 13:04:57[main] gov.nih.nci.securityFW.RdbmsAuthorizationDAObj  - sqlStmt1 = select count(*) from AS_USER a, AS_PROTECTION_ELEMENT b, AS_APPLICATION c, AS_APP_PROTECTION_ELEMENT d where c.APPLICATION_NAME = 'caMOD' and a.LOGIN_NAME = 'wuh' and b.OBJECT_ID = 'caMOD.Availability.136' and c.APPLICATION_ID = d.APPLICATION_ID and d.PROTECTION_ELEMENT_ID = b.PROTECTION_ELEMENT_ID and a.USER_ID = b.USER_ID
Jun 01 2004 13:04:57[main] gov.nih.nci.securityFW.RdbmsAuthorizationDAObj  - !!get owner =1
